2025-08-19 15:25:18,296 - INFO - === media_url更新処理開始 ===
2025-08-19 15:25:18,296 - INFO - Instagram APIからデータを取得開始
2025-08-19 15:25:18,673 - ERROR - API リクエストエラー: 400 Client Error: Bad Request for url: https://graph.instagram.com/v23.0/24958190963767720/media?access_token=IGAASNrIOurLFBZAFAxZA2YzbEpWYjJHUktoQkVlYnI3T0RNSl9ucEg3QXdDSF9JUnZApUUtoSXQxZAlZAtdGg1UUUxNkRmZA21vSDNYbUhYSlpsNWhYTWZAHMC1ZAZAzRzZA2twY2RFeXlWdmQ1bDJadDVqd05hS1Y0ZAWhBNmN3ZAVdDd2RIdwZDZD&fields=id%2Ccaption%2Cmedia_type%2Cmedia_url%2Cpermalink%2Ctimestamp%2Cusername%2Clike_count%2Ccomments_count%2Cmedia_product_type&limit=100
2025-08-19 15:25:18,673 - ERROR - 処理中にエラーが発生しました: 400 Client Error: Bad Request for url: https://graph.instagram.com/v23.0/24958190963767720/media?access_token=IGAASNrIOurLFBZAFAxZA2YzbEpWYjJHUktoQkVlYnI3T0RNSl9ucEg3QXdDSF9JUnZApUUtoSXQxZAlZAtdGg1UUUxNkRmZA21vSDNYbUhYSlpsNWhYTWZAHMC1ZAZAzRzZA2twY2RFeXlWdmQ1bDJadDVqd05hS1Y0ZAWhBNmN3ZAVdDd2RIdwZDZD&fields=id%2Ccaption%2Cmedia_type%2Cmedia_url%2Cpermalink%2Ctimestamp%2Cusername%2Clike_count%2Ccomments_count%2Cmedia_product_type&limit=100
2025-08-19 15:27:12,731 - INFO - === media_url更新処理開始 ===
2025-08-19 15:27:12,731 - INFO - Instagram APIからデータを取得開始
2025-08-19 15:27:13,049 - ERROR - Instagram API エラー: {'message': 'Failed to decrypt', 'type': 'OAuthException', 'code': 190, 'fbtrace_id': 'AqO2PBqrBTkDCIaG958kSI2'}
2025-08-19 15:27:13,050 - ERROR - 予期しないエラー: {'message': 'Failed to decrypt', 'type': 'OAuthException', 'code': 190, 'fbtrace_id': 'AqO2PBqrBTkDCIaG958kSI2'}
2025-08-19 15:27:13,050 - INFO - 既存のinstagram_posts.jsonファイルを使用します
2025-08-19 15:27:13,061 - INFO - 既存のInstagramデータを読み込み: 424 件
2025-08-19 15:27:13,076 - INFO - Instagram データを instagram_posts.json に保存完了
2025-08-19 15:27:13,084 - INFO - カフェデータ読み込み完了: 386 件
2025-08-19 15:27:13,084 - INFO - media_url更新処理開始
2025-08-19 15:27:13,084 - INFO - 更新: KITCHEN Q - ID: 17992270148826796
2025-08-19 15:27:13,084 - INFO - 更新: 朝食提供専門店 炭火焼き魚と、土鍋炊きごはん。定食屋 おちゃわん - ID: 18068468020962284
2025-08-19 15:27:13,084 - INFO - 更新: &More by Sheraton - ID: 18055797965192942
2025-08-19 15:27:13,084 - INFO - 更新: &More by Sheraton - ID: 17931259986035283
2025-08-19 15:27:13,084 - INFO - 更新: CAFE KA ORA - ID: 18362410750135017
2025-08-19 15:27:13,084 - INFO - 更新: 中華料理 長城 - ID: 17895205896197150
2025-08-19 15:27:13,084 - INFO - 更新: cafe 食堂 JyuJyu - ID: 18058511588160796
2025-08-19 15:27:13,084 - INFO - 更新: 茶舗ひなが - ID: 18045256361129925
2025-08-19 15:27:13,084 - INFO - 更新: MATENO COFFEE - ID: 18060405064866819
2025-08-19 15:27:13,084 - INFO - 更新: ネオ大衆酒場 ミチシルベ 鹿児島天文館店 - ID: 17892057603160510
2025-08-19 15:27:13,084 - INFO - 更新: Cafe Anniv. カフェアニヴ - ID: 18037522484457932
2025-08-19 15:27:13,084 - INFO - 更新: 餃子のかっちゃん 天文館店 - ID: 17957093534847954
2025-08-19 15:27:13,084 - INFO - 更新: ちゃーチュッ♡おむすびときどきシェイク - ID: 18090256777459804
2025-08-19 15:27:13,084 - INFO - 更新: 餃子のシャンハイ - ID: 18042279434328682
2025-08-19 15:27:13,084 - INFO - 更新: PASTA&PIZZAシルクベール - ID: 18020471108629393
2025-08-19 15:27:13,084 - INFO - 更新: ジェラテリア・アンティカ（たっちゃんのジェラート） - ID: 18048344875988163
2025-08-19 15:27:13,084 - INFO - 更新: けいはん　ひさ倉 - ID: 18028017359160537
2025-08-19 15:27:13,084 - INFO - 更新: TRUFFLE DONUT - ID: 18025168169213951
2025-08-19 15:27:13,084 - INFO - 更新: BOARD GAME CAFE DRITOTZ（鹿児島ボードゲームカフェドリトッツ） - ID: 17873940261188001
2025-08-19 15:27:13,084 - INFO - 更新: まんぷくクッキーtomorrow - ID: 18052970104770095
2025-08-19 15:27:13,084 - INFO - 更新: TRUFFLE DONUT - ID: 17945783942823975
2025-08-19 15:27:13,085 - INFO - 更新: spoon - ID: 17915586092957172
2025-08-19 15:27:13,085 - INFO - 更新: 真肉焼屋 天文館店 - ID: 18003599525348447
2025-08-19 15:27:13,085 - INFO - 更新: 喫茶アカリトキ - ID: 18052178149606414
2025-08-19 15:27:13,085 - INFO - 更新: café Amres - ID: 18286565965206173
2025-08-19 15:27:13,085 - INFO - 更新: mijicafe - ID: 18043504366854685
2025-08-19 15:27:13,085 - INFO - 更新: 天文館ベリーチーズ - ID: 17861299302125688
2025-08-19 15:27:13,085 - INFO - 更新: 偉大なる発明 The Bread parloir - ID: 18051554056673831
2025-08-19 15:27:13,085 - INFO - 更新: Bean Hive Cafe CBD SHOP - ID: 18047071816813341
2025-08-19 15:27:13,085 - INFO - 更新: 喫茶こまどり - ID: 18030610403012747
2025-08-19 15:27:13,085 - INFO - 更新: ちゃぶや咖喱堂 - ID: 18237187897302169
2025-08-19 15:27:13,085 - INFO - 更新: Cafe Attirant(カフェ アティラン) - ID: 18287471251165293
2025-08-19 15:27:13,085 - INFO - 更新: カヌレティエ クロリ - ID: 18038645953896613
2025-08-19 15:27:13,085 - INFO - 更新: 秘密の隠れ家イタリアン GATTO NERO 鹿児島天文館店 - ID: 18018218459211925
2025-08-19 15:27:13,085 - INFO - 更新: 21時にアイス - ID: 17872943139037837
2025-08-19 15:27:13,085 - INFO - 更新: LiSA COFFEE STAND - ID: 17939758793707460
2025-08-19 15:27:13,085 - INFO - 更新: lys coffee ｜ リスコーヒー - ID: 17939155289718254
2025-08-19 15:27:13,085 - INFO - 更新: 魚食発信基地｜オサカナばんざい - ID: 18427149730062267
2025-08-19 15:27:13,085 - INFO - 更新: かごっまふるさと屋台村 - ID: 17997605660594860
2025-08-19 15:27:13,085 - INFO - 更新: コグマ食堂 - ID: 18058686886549710
2025-08-19 15:27:13,085 - INFO - 更新: はちわれ農園 - ID: 17936776943811675
2025-08-19 15:27:13,085 - INFO - 更新: ミチヨ食堂 - ID: 18097980832399989
2025-08-19 15:27:13,085 - INFO - 更新: ドライブイン潮騒 - ID: 18072159952480732
2025-08-19 15:27:13,085 - INFO - 更新: BOULANGERIE NOEL - ID: 18085521409426671
2025-08-19 15:27:13,085 - INFO - 更新: ウィッキーズ・ハウス - ID: 17909764319826015
2025-08-19 15:27:13,085 - INFO - 更新: 焼肉本舗 きりしま畜産 - ID: 18244435492216471
2025-08-19 15:27:13,085 - INFO - 更新: 稲庭風うどん 玉や - ID: 18010012754206133
2025-08-19 15:27:13,085 - INFO - 更新: コーヒーハウスヒラタ - ID: 17988251720402902
2025-08-19 15:27:13,085 - INFO - 更新: 薩摩雅咲亭 本店 - ID: 17933570531807495
2025-08-19 15:27:13,085 - INFO - 更新: おるがんと氷店 - ID: 17995247294585150
2025-08-19 15:27:13,085 - INFO - 更新: restaurant KAIEDA - ID: 18242766754223339
2025-08-19 15:27:13,085 - INFO - 更新: ダンケン東開ホルツ店 - ID: 17994575450294685
2025-08-19 15:27:13,085 - INFO - 更新: 凛丹 一壺坊 - ID: 17949258566753823
2025-08-19 15:27:13,085 - INFO - 更新: 北海道めんこい鍋 くまちゃん温泉 鹿児島天文館の湯 - ID: 17903594681843849
2025-08-19 15:27:13,085 - INFO - 更新: 港町珈琲焙煎所 - ID: 17874006657031424
2025-08-19 15:27:13,085 - INFO - 更新: SHIMOARATA DEN-EN - ID: 18043850593605795
2025-08-19 15:27:13,085 - INFO - 更新: fuuu from オフジ - ID: 18031483849696022
2025-08-19 15:27:13,085 - INFO - 更新: 焼肉 真 - ID: 18027121114771980
2025-08-19 15:27:13,085 - INFO - 更新: 24Sweets shop - ID: 17960498201680561
2025-08-19 15:27:13,085 - INFO - 更新: かまくら個室バル ミートファクトリー 天文館 - ID: 18055278928496375
2025-08-19 15:27:13,085 - INFO - 更新: H cafe 可否館 - ID: 18004436294296631
2025-08-19 15:27:13,085 - INFO - 更新: イトコ - ID: 17976993455564131
2025-08-19 15:27:13,085 - INFO - 更新: ニューサカバペンギン／オウチカフェペンギン - ID: 17878037117959543
2025-08-19 15:27:13,085 - INFO - 更新: 彼女の家 - ID: 18387462358003505
2025-08-19 15:27:13,085 - INFO - 更新: CHIN JUKAN POTTERY 喫茶室 - ID: 18004728424948892
2025-08-19 15:27:13,085 - INFO - 更新: SHIMOARATA DEN-EN - ID: 18381994318027566
2025-08-19 15:27:13,085 - INFO - 更新: パラゴン - ID: 18007003576902770
2025-08-19 15:27:13,086 - INFO - 更新: 一湊珈琲焙煎所 - ID: 18004170997948135
2025-08-19 15:27:13,086 - INFO - 更新: 喫茶アカリトキ - ID: 17965560995452425
2025-08-19 15:27:13,086 - INFO - 更新: モンシェリー松下 鹿児島アリーナ前店 - ID: 17981613782188170
2025-08-19 15:27:13,086 - INFO - 更新: RIVIERA - ID: 17910436079730891
2025-08-19 15:27:13,086 - INFO - 更新: 高城庵 - ID: 17968343747598268
2025-08-19 15:27:13,086 - INFO - 更新: MATENO COFFEE - ID: 18385378825011901
2025-08-19 15:27:13,086 - INFO - 更新: mimosa - ID: 18004642210936226
2025-08-19 15:27:13,086 - INFO - 更新: 千代茶屋 - ID: 18015550852700456
2025-08-19 15:27:13,086 - INFO - 更新: 柳川氷室 - ID: 17931824084707273
2025-08-19 15:27:13,086 - INFO - 更新: リオンダイナー - ID: 17963310440605188
2025-08-19 15:27:13,086 - INFO - 更新: 炭火焼肉ホルモン 横綱三四郎 天文館店 - ID: 17963392139552867
2025-08-19 15:27:13,086 - INFO - 更新: meizandogs - ID: 17992870814091061
2025-08-19 15:27:13,086 - INFO - 更新: ヒミツキチ HIDEKICHI - ID: 17955602159499786
2025-08-19 15:27:13,086 - INFO - 更新: 喫茶あさひや - ID: 18015032806657737
2025-08-19 15:27:13,086 - INFO - 更新: MERI COFFEE - ID: 18020277913611850
2025-08-19 15:27:13,086 - INFO - 更新: じもとの食堂 - ID: 17943847373653152
2025-08-19 15:27:13,086 - INFO - 更新: HOUSE•KOMORA - ID: 18013196632660954
2025-08-19 15:27:13,086 - INFO - 更新: この路 - ID: 18000926158868728
2025-08-19 15:27:13,086 - INFO - 更新: 中華料理 味工房みその - ID: 17912595419683366
2025-08-19 15:27:13,086 - INFO - 更新: camp&music,koya - ID: 18017297644592608
2025-08-19 15:27:13,086 - INFO - 更新: mo-i donuts - ID: 18232143811200288
2025-08-19 15:27:13,086 - INFO - 更新: モチコズハウス - ID: 17998994257856343
2025-08-19 15:27:13,086 - INFO - 更新: それいゆふぁ～む - ID: 17977040687204366
2025-08-19 15:27:13,086 - INFO - 更新: 珈琲堂ジャマイカ - ID: 17965079612306773
2025-08-19 15:27:13,086 - INFO - 更新: cafe COVO TANA - ID: 17999306878863068
2025-08-19 15:27:13,086 - INFO - 更新: cafe Amres - ID: 18005238808654211
2025-08-19 15:27:13,086 - INFO - 更新: Satsuma Craftカフェ - ID: 17856269519938305
2025-08-19 15:27:13,086 - INFO - 更新: マルグリットカシュカシュ - ID: 17989127057002166
2025-08-19 15:27:13,086 - INFO - 更新: kaguya delica - ID: 18015696139590707
2025-08-19 15:27:13,086 - INFO - 更新: イワシビル - ID: 17970644609162490
2025-08-19 15:27:13,086 - INFO - 更新: Stop By - ID: 18178350469275133
2025-08-19 15:27:13,086 - INFO - 更新: うみのそこ - ID: 18259786165150129
2025-08-19 15:27:13,086 - INFO - 更新: QUILT COFFEE - ID: 17997276301804615
2025-08-19 15:27:13,086 - INFO - 更新: cafe marley - ID: 17972881064477388
2025-08-19 15:27:13,086 - INFO - 更新: 焼肉 真 - ID: 18351670921001969
2025-08-19 15:27:13,086 - INFO - 更新: リトルバード - ID: 18021780028463822
2025-08-19 15:27:13,086 - INFO - 更新: cocoa - ID: 18256323631179466
2025-08-19 15:27:13,086 - INFO - 更新: イタローサムギョプサル（鹿児島天文館店） - ID: 18234783028165951
2025-08-19 15:27:13,086 - INFO - 更新: SHOP-REGALO - ID: 17926515356657365
2025-08-19 15:27:13,086 - INFO - 更新: 我流風 - ID: 17920088795677724
2025-08-19 15:27:13,086 - INFO - 更新: にくと、パン。 - ID: 17991186067743660
2025-08-19 15:27:13,086 - INFO - 更新: TAKE BAKERY AND CAFE - ID: 17968996010133650
2025-08-19 15:27:13,086 - INFO - 更新: オーブン料理とパンの店 Backen - ID: 18226541056163238
2025-08-19 15:27:13,086 - INFO - 更新: のせ菓楽 - ID: 18196613899237125
2025-08-19 15:27:13,086 - INFO - 更新: 黒酢本舗 桷志田 - ID: 18337072333037802
2025-08-19 15:27:13,086 - INFO - 更新: Trommel ワインとコーヒーのお店 - ID: 17919133712542422
2025-08-19 15:27:13,086 - INFO - 更新: IRAKA COFFEE - ID: 17952737861493958
2025-08-19 15:27:13,087 - INFO - 更新: kagoconne coffee&tea - ID: 18153593749281696
2025-08-19 15:27:13,087 - INFO - 更新: 珈琲こん日和 - ID: 17988576991570963
2025-08-19 15:27:13,087 - INFO - 更新: 蒲生茶廊zenzai - ID: 18020693002413404
2025-08-19 15:27:13,087 - INFO - 更新: ヒカルヤ - ID: 17956206032162787
2025-08-19 15:27:13,087 - INFO - 更新: とんかつ黒田 - ID: 18181195975220779
2025-08-19 15:27:13,087 - INFO - 更新: 茶菓子屋シロノトリコ - ID: 17903578184656964
2025-08-19 15:27:13,087 - INFO - 更新: ボウルカレー - ID: 17885885690715785
2025-08-19 15:27:13,087 - INFO - 更新: Cafe Banvina - ID: 17950557062305432
2025-08-19 15:27:13,087 - INFO - 更新: TATSU男 中央駅本店 - ID: 18056589208340485
2025-08-19 15:27:13,087 - INFO - 更新: 一湊珈琲焙煎所 - ID: 18321207178036122
2025-08-19 15:27:13,087 - INFO - 更新: BREZZA CAFE - ID: 17868426362764997
2025-08-19 15:27:13,087 - INFO - 更新: DAYS COFFEE - ID: 17919825854545109
2025-08-19 15:27:13,087 - INFO - 更新: すすむ屋茶店 - ID: 17935149470212268
2025-08-19 15:27:13,087 - INFO - 更新: サクラカネヨ直売所 - ID: 17942943842189873
2025-08-19 15:27:13,087 - INFO - 更新: HIOKI CHAHO - ID: 18309841900055482
2025-08-19 15:27:13,087 - INFO - 更新: ガヤコーヒー - ID: 17901616085546696
2025-08-19 15:27:13,087 - INFO - 更新: FARMERS TABLE HANANOKI - ID: 17976885112599953
2025-08-19 15:27:13,087 - INFO - 更新: 地球畑カフェ - ID: 17940752948179797
2025-08-19 15:27:13,087 - INFO - 更新: eight beat - ID: 17896366253639410
2025-08-19 15:27:13,087 - INFO - 更新: Jazz&Coffee パラゴン - ID: 17917383620426180
2025-08-19 15:27:13,087 - INFO - 更新: 餃子と夜更かし - ID: 18304347298031277
2025-08-19 15:27:13,087 - INFO - 更新: MATENO COFFEE - ID: 18304349821029611
2025-08-19 15:27:13,087 - INFO - 更新: だし処 蘇麻 - ID: 17909629526566685
2025-08-19 15:27:13,087 - INFO - 更新: レストラン異人館 - ID: 17932006418121406
2025-08-19 15:27:13,087 - INFO - 更新: コーヒーハウスヒラタ - ID: 17959753717742598
2025-08-19 15:27:13,087 - INFO - 更新: Trombone Coffee - ID: 17969365708611687
2025-08-19 15:27:13,087 - INFO - 更新: ごはんとおやつsyuO - ID: 18092885374290838
2025-08-19 15:27:13,087 - INFO - 更新: Bread Booth8 - ID: 18091619542291286
2025-08-19 15:27:13,087 - INFO - 更新: 六白 - ID: 17859296093732980
2025-08-19 15:27:13,088 - INFO - 更新: SUNNY&SONS - ID: 17976224854528462
2025-08-19 15:27:13,088 - INFO - 更新: _1tree coffee 天文館店 - ID: 17885683964588377
2025-08-19 15:27:13,088 - INFO - 更新: danken COFFEE イオンモール鹿児島店 - ID: 18270941350077850
2025-08-19 15:27:13,088 - INFO - 更新: まるまるカフェ - ID: 18232445809098491
2025-08-19 15:27:13,088 - INFO - 更新: Blue&Cafe HIRAKAWA Bayside - ID: 17863448018672621
2025-08-19 15:27:13,088 - INFO - 更新: Gentile（ジェンティーレ） - ID: 18030552874355548
2025-08-19 15:27:13,088 - INFO - 更新: and cafe - ID: 17849188376741289
2025-08-19 15:27:13,088 - INFO - 更新: Jazz&Coffee パラゴン - ID: 17943457018787505
2025-08-19 15:27:13,088 - INFO - 更新: 農園ガーデン空 - ID: 18286967674052404
2025-08-19 15:27:13,088 - INFO - 更新: SULBING - ID: 17880077393633672
2025-08-19 15:27:13,088 - INFO - 更新: 溢れる果実の贈り物 - ID: 17941686076925146
2025-08-19 15:27:13,088 - INFO - 更新: tun_coffee - ID: 17936585416891427
2025-08-19 15:27:13,088 - INFO - 更新: 小さなレストランneko - ID: 17931850165957470
2025-08-19 15:27:13,090 - INFO - 更新: Cafe Michelle - ID: 17893363778591794
2025-08-19 15:27:13,090 - INFO - 更新: ぶえんもゆかり - ID: 18166171492175006
2025-08-19 15:27:13,090 - INFO - 更新: ひょうたんからぱん - ID: 17946607222779092
2025-08-19 15:27:13,090 - INFO - 更新: add coffee - ID: 18164961385169957
2025-08-19 15:27:13,090 - INFO - 更新: LUCK APARTMENT - ID: 17876291468634574
2025-08-19 15:27:13,090 - INFO - 更新: アリラン飯店　イオンモール鹿児島店 - ID: 17936293162825066
2025-08-19 15:27:13,091 - INFO - 更新: にくと、パン。 - ID: 18184909834095661
2025-08-19 15:27:13,091 - INFO - 更新: いも〜れ奄美民泊村 奄美カフェ - ID: 17975589910485275
2025-08-19 15:27:13,091 - INFO - 更新: だしとお茶の店 潮や - ID: 17968852687502559
2025-08-19 15:27:13,091 - INFO - 更新: 珈琲&パーラー パリシェ - ID: 18022594519345306
2025-08-19 15:27:13,091 - INFO - 更新: DSTYLE&CAFE - ID: 17925571819900406
2025-08-19 15:27:13,091 - INFO - 更新: 食事処 茶屋 - ID: 18210973210186077
2025-08-19 15:27:13,092 - INFO - 更新: 洋風居食屋 bocca - ID: 18142126807220976
2025-08-19 15:27:13,092 - INFO - 更新: エービーディーシー - ID: 17891627522476592
2025-08-19 15:27:13,092 - INFO - 更新: 海鮮丼専門　朝凪ーあさなぎー - ID: 17876352269546311
2025-08-19 15:27:13,092 - INFO - 更新: HIOKI CHAHO - ID: 17876437010611517
2025-08-19 15:27:13,092 - INFO - 更新: 豆屋十六 - ID: 18270107764019606
2025-08-19 15:27:13,092 - INFO - 更新: momocha - ID: 17931910699766999
2025-08-19 15:27:13,092 - INFO - 更新: spoon - ID: 17920444508031825
2025-08-19 15:27:13,092 - INFO - 更新: パティスリーくろだ - ID: 17861653397643817
2025-08-19 15:27:13,092 - INFO - 更新: 満正苑 与次郎本店 - ID: 17881036241588156
2025-08-19 15:27:13,092 - INFO - 更新: Sweets Café otto - ID: 18213954373096336
2025-08-19 15:27:13,092 - INFO - 更新: DINING TERRACE IN THE MOON - ID: 17897319923403351
2025-08-19 15:27:13,092 - INFO - 更新: Mono. - ID: 17879962703587112
2025-08-19 15:27:13,092 - INFO - 更新: α夢(アルファム) - ID: 18268931251056626
2025-08-19 15:27:13,092 - INFO - 更新: たいやき絲や ITOYA - ID: 17922927886945372
2025-08-19 15:27:13,092 - INFO - 更新: 喫茶こまどり - ID: 17941220500638460
2025-08-19 15:27:13,092 - INFO - 更新: cafe cache cache - ID: 17895192068424756
2025-08-19 15:27:13,092 - INFO - 更新: 串家物語 イオンモール鹿児島 - ID: 18241207654072829
2025-08-19 15:27:13,092 - INFO - 更新: ライムライト - ID: 18260497834052585
2025-08-19 15:27:13,092 - INFO - 更新: くじらcafe - ID: 17917797623001236
2025-08-19 15:27:13,092 - INFO - 更新: Dandelion（ダンデライオン） - ID: 18176971999153974
2025-08-19 15:27:13,092 - INFO - 更新: Factory - ID: 17896119131300691
2025-08-19 15:27:13,092 - INFO - 更新: 市場食堂 城南店 - ID: 17906024510191089
2025-08-19 15:27:13,092 - INFO - 更新: ガレットカフェ&雑貨　フィグ - ID: 17952896665494100
2025-08-19 15:27:13,092 - INFO - 更新: カフェリボーン - ID: 17897423168218728
2025-08-19 15:27:13,092 - INFO - 更新: cafeやましろ - ID: 17948535049546693
2025-08-19 15:27:13,092 - INFO - 更新: カフェ マモン エ モア - ID: 18245413756064050
2025-08-19 15:27:13,092 - INFO - 更新: Cafe Siga Siga - ID: 18254303428022836
2025-08-19 15:27:13,092 - INFO - 更新: 自家焙煎 モカジャバ - ID: 18148658881174423
2025-08-19 15:27:13,092 - INFO - 更新: Cafe Musubi-ya - ID: 17902005698206459
2025-08-19 15:27:13,092 - INFO - 更新: すすむ屋 茶店 - ID: 17893958285353179
2025-08-19 15:27:13,092 - INFO - 更新: SOAr鹿児島店 - ID: 18104568706260551
2025-08-19 15:27:13,092 - INFO - 更新: くしき野白浜温泉 - ID: 17901845417293504
2025-08-19 15:27:13,092 - INFO - 更新: ふきのとう - ID: 17941547506603424
2025-08-19 15:27:13,092 - INFO - 更新: MILAN ミラン オプシアミスミ店 - ID: 17936366569582092
2025-08-19 15:27:13,092 - INFO - 更新: Itoko - ID: 17892005672252833
2025-08-19 15:27:13,092 - INFO - 更新: Blue Beans Roastery - ID: 18192713536116626
2025-08-19 15:27:13,092 - INFO - 更新: 3515 さんごじゅうご - ID: 17912779462962159
2025-08-19 15:27:13,092 - INFO - 更新: 路のカフェ - ID: 17903812538113616
2025-08-19 15:27:13,092 - INFO - 更新: かごしま食堂あじとみ - ID: 17916708976827637
2025-08-19 15:27:13,092 - INFO - 更新: マルグリットカシュカシュ - ID: 17923652638759603
2025-08-19 15:27:13,092 - INFO - 更新: Cafe ∞ Arcana - ID: 17844607157634441
2025-08-19 15:27:13,092 - INFO - 更新: モチコズハウス - ID: 18123227425235591
2025-08-19 15:27:13,093 - INFO - 更新: Sweets Atelier DILLA - ID: 18052665550293414
2025-08-19 15:27:13,093 - INFO - 更新: cafe marley - ID: 17849725019596938
2025-08-19 15:27:13,093 - INFO - 更新: むんCafe - ID: 17891663327281817
2025-08-19 15:27:13,093 - INFO - 更新: ワイン食堂 maialino1917 - ID: 17905938943949991
2025-08-19 15:27:13,093 - INFO - 更新: MINATO CAFE - ID: 17899503911025705
2025-08-19 15:27:13,093 - INFO - 更新: eight beat - ID: 17870789657406020
2025-08-19 15:27:13,093 - INFO - 更新: インド料理ラリグラス - ID: 17855997533553742
2025-08-19 15:27:13,093 - INFO - 更新: MATENO COFFEE - ID: 17874557240475819
2025-08-19 15:27:13,093 - INFO - 更新: ノギノダイナー - ID: 17916841699720963
2025-08-19 15:27:13,093 - INFO - 更新: ARTON - ID: 17882725244316885
2025-08-19 15:27:13,093 - INFO - 更新: カフェバンビーナ - ID: 17881052789187142
2025-08-19 15:27:13,093 - INFO - 更新: メシヤパーク108 - ID: 17909430892774312
2025-08-19 15:27:13,093 - INFO - 更新: pepe&meme - ID: 17909260732796356
2025-08-19 15:27:13,093 - INFO - 更新: Kaguya delica - ID: 17969761918386448
2025-08-19 15:27:13,093 - INFO - 更新: シェ・タケシ - ID: 18107468641231112
2025-08-19 15:27:13,093 - INFO - 更新: add Coffee - ID: 17879963258258418
2025-08-19 15:27:13,093 - INFO - 更新: Cafe ぱるふぇ - ID: 18141354103167283
2025-08-19 15:27:13,093 - INFO - 更新: aview Cafe & Flowers - ID: 17898030406864671
2025-08-19 15:27:13,093 - INFO - 更新: Komugico鹿大前 - ID: 17874056753337849
2025-08-19 15:27:13,093 - INFO - 更新: Teppen - ID: 17866832888407903
2025-08-19 15:27:13,093 - INFO - 更新: ただカレー屋やりたいだけ - ID: 17896866838909662
2025-08-19 15:27:13,093 - INFO - 更新: HARE/PAN 加治屋まちの杜公園店 - ID: 17870226938300718
2025-08-19 15:27:13,093 - INFO - 更新: Blue Bird Coffee - ID: 18075404035253430
2025-08-19 15:27:13,093 - INFO - 更新: 莫逆 - ID: 18069105436265825
2025-08-19 15:27:13,093 - INFO - 更新: cafe K - ID: 18096175000233036
2025-08-19 15:27:13,093 - INFO - 更新: さくらじまJacob Spice - ID: 18140414323088259
2025-08-19 15:27:13,093 - INFO - 更新: 17zuma麻婆 - ID: 17894141653862869
2025-08-19 15:27:13,093 - INFO - 更新: CHIN JUKAN POTTERY 喫茶室 - ID: 17905309309697532
2025-08-19 15:27:13,093 - INFO - 更新: ダンデライオン - ID: 17886491714019528
2025-08-19 15:27:13,093 - INFO - 更新: アンジェロカフェ - ID: 17901131047747756
2025-08-19 15:27:13,093 - INFO - 更新: バウハウスカフェ - ID: 17940474604447929
2025-08-19 15:27:13,093 - INFO - 更新: 珈琲堂ジャマイカ - ID: 17934256819466223
2025-08-19 15:27:13,093 - INFO - 更新: Ensemble - ID: 17874418022142818
2025-08-19 15:27:13,093 - INFO - 更新: ワゼットスタイル - ID: 17877222329135095
2025-08-19 15:27:13,093 - INFO - 更新: Victor - ID: 18145188160191672
2025-08-19 15:27:13,093 - INFO - 更新: カフェ＆ランチ光 - ID: 18190810327029427
2025-08-19 15:27:13,093 - INFO - 更新: Days Coffee - ID: 17871414104158509
2025-08-19 15:27:13,093 - INFO - 更新: 雑貨とカフェと古道具 Patrie - ID: 17885646688894976
2025-08-19 15:27:13,093 - INFO - 更新: ラリグラス 荒田店 - ID: 17866827284216837
2025-08-19 15:27:13,093 - INFO - 更新: レストラン 岡倉 - ID: 17905470619610043
2025-08-19 15:27:13,093 - INFO - 更新: 丼や 和華 - ID: 18020937979293643
2025-08-19 15:27:13,093 - INFO - 更新: DINIZ COFFEE - ID: 17908354678564786
2025-08-19 15:27:13,093 - INFO - 更新: この路 - ID: 17899128097646291
2025-08-19 15:27:13,093 - INFO - 更新: 日当山 無垢食堂 - ID: 17848168253471921
2025-08-19 15:27:13,093 - INFO - 更新: ぼちぼち - ID: 17880929764887777
2025-08-19 15:27:13,093 - INFO - 更新: espresso114 - ID: 17940539545408005
2025-08-19 15:27:13,093 - INFO - 更新: Blue Bird Coffee 紫原店 - ID: 18122638462088584
2025-08-19 15:27:13,093 - INFO - 更新: 森のかぞく 姶良店 - ID: 17966412394341866
2025-08-19 15:27:13,093 - INFO - 更新: ちゃぶや咖喱堂 - ID: 17873859943945484
2025-08-19 15:27:13,093 - INFO - 更新: 薩摩英国館 ティーワールド - ID: 17955266056360039
2025-08-19 15:27:13,093 - INFO - 更新: Avenir Cafe - ID: 18125878678125233
2025-08-19 15:27:13,093 - INFO - 更新: 1 tree coffee - ID: 17887250059669751
2025-08-19 15:27:13,094 - INFO - 更新: AB Cafe - ID: 17886613753631069
2025-08-19 15:27:13,094 - INFO - 更新: パラゴン - ID: 17881814125737237
2025-08-19 15:27:13,094 - INFO - 更新: ケーキハウスアプリコット - ID: 17923182514434335
2025-08-19 15:27:13,094 - INFO - 更新: OVNi - ID: 18075722833215555
2025-08-19 15:27:13,094 - INFO - 更新: Patisserie Bonappetit - ID: 17851463090233732
2025-08-19 15:27:13,094 - INFO - 更新: aview Cafe&Flowers - ID: 17881643716731458
2025-08-19 15:27:13,094 - INFO - 更新: むんCAFE - ID: 17883869239720080
2025-08-19 15:27:13,094 - INFO - 更新: 地中海 - ID: 18047153866251685
2025-08-19 15:27:13,094 - INFO - 更新: 平川マリーナマルシェ - ID: 17864649187967077
2025-08-19 15:27:13,094 - INFO - 更新: CAFE KA ORA - ID: 18129245749098469
2025-08-19 15:27:13,094 - INFO - 更新: Cafe VANVINA - ID: 17897641660542541
2025-08-19 15:27:13,094 - INFO - 更新: 中町氷菓店 騎射場 - ID: 17855735912096022
2025-08-19 15:27:13,094 - INFO - 更新: HANASAKAN Cafe - ID: 17958156511339453
2025-08-19 15:27:13,094 - INFO - 更新: そらうみ - ID: 18154142197001824
2025-08-19 15:27:13,094 - INFO - 更新: マモンエモア - ID: 17923031068423893
2025-08-19 15:27:13,094 - INFO - 更新: Le.plan.de.AK - ID: 18152295337062896
2025-08-19 15:27:13,094 - INFO - 更新: ＆ COFFEE - ID: 17846047886236291
2025-08-19 15:27:13,094 - INFO - 更新: 天文館果実堂 - ID: 17913826000445975
2025-08-19 15:27:13,094 - INFO - 更新: Alice Cafe - ID: 17925865711408259
2025-08-19 15:27:13,094 - INFO - 更新: Cafe201 - ID: 17872476898738387
2025-08-19 15:27:13,094 - INFO - 更新: cafe Marley - ID: 18116098162100249
2025-08-19 15:27:13,094 - INFO - 更新: 笹野製茶 - ID: 17855346937895975
2025-08-19 15:27:13,094 - INFO - 更新: cafe shop - ID: 18029565298250425
2025-08-19 15:27:13,094 - INFO - 更新: 風のキッチン - ID: 17887360141504546
2025-08-19 15:27:13,094 - INFO - 更新: Cafe510 - ID: 17869278169645861
2025-08-19 15:27:13,094 - INFO - 更新: Sui - ID: 17845393757002528
2025-08-19 15:27:13,094 - INFO - 更新: 両棒屋 - ID: 17947169074317563
2025-08-19 15:27:13,094 - INFO - 更新: None - ID: 17849955418879081
2025-08-19 15:27:13,094 - INFO - 更新: PERICOcafe - ID: 17865912403617971
2025-08-19 15:27:13,094 - INFO - 更新: Natural Dining CERCHIO - ID: 17851878808792772
2025-08-19 15:27:13,094 - INFO - 更新: あかね珈琲館 - ID: 18047319307223637
2025-08-19 15:27:13,094 - INFO - 更新: CUCURRUCUCU - ID: 17938433899322687
2025-08-19 15:27:13,094 - INFO - 更新: MATHERuBA cafe - ID: 17896384375418701
2025-08-19 15:27:13,094 - INFO - 更新: kitchen parade - ID: 17845382389802526
2025-08-19 15:27:13,094 - INFO - 更新: POT A CUP OF COFFEE - ID: 18115902778056201
2025-08-19 15:27:13,094 - INFO - 更新: Blooming Coffee - ID: 18111054703011185
2025-08-19 15:27:13,094 - INFO - 更新: wine&dish gure - ID: 18037184584208895
2025-08-19 15:27:13,094 - INFO - 更新: 炭火焼工房ハンバーグ・ステーキ黒平 - ID: 18005362945260950
2025-08-19 15:27:13,094 - INFO - 更新: ao-ya apartment store - ID: 17923318294332432
2025-08-19 15:27:13,094 - INFO - 更新: 心地庵 - ID: 17844546421689293
2025-08-19 15:27:13,094 - INFO - 更新: 鹿屋アスリート食堂 研究開発本部 - ID: 18035038420207133
2025-08-19 15:27:13,094 - INFO - 更新: kokett cafe - ID: 17988323875272785
2025-08-19 15:27:13,094 - INFO - 更新: Stop By - ID: 18097560844002145
2025-08-19 15:27:13,094 - INFO - 更新: EST.1059 DISTRICT - ID: 18052877038172280
2025-08-19 15:27:13,094 - INFO - 更新: Cafe Kuu - ID: 18056884363164704
2025-08-19 15:27:13,094 - INFO - 更新: shiro. - ID: 17847040756593223
2025-08-19 15:27:13,094 - INFO - 更新: BON'S COFFEE - ID: 17890662772386959
2025-08-19 15:27:13,094 - INFO - 更新: Cafe ぱるふぇ - ID: 17902744456361633
2025-08-19 15:27:13,094 - INFO - 更新: atelier niko - ID: 17972508064302719
2025-08-19 15:27:13,094 - INFO - 更新: OFFJI - ID: 18086817817021538
2025-08-19 15:27:13,094 - INFO - 更新: Call at cafe - ID: 17842384930545486
2025-08-19 15:27:13,094 - INFO - 更新: paragon - ID: 17900364010329522
2025-08-19 15:27:13,095 - INFO - 更新: poturi - ID: 17870178988400457
2025-08-19 15:27:13,095 - INFO - 更新: キッチンカフェ小春日和 - ID: 18028114309152574
2025-08-19 15:27:13,095 - INFO - 更新: SHICHIHOU (シチホウ) - ID: 18044198947014076
2025-08-19 15:27:13,095 - INFO - 更新: cafedining victor - ID: 18041791780045994
2025-08-19 15:27:13,095 - INFO - 更新: Wazett Style - ID: 17873300548264646
2025-08-19 15:27:13,095 - INFO - 更新: 仙巌園茶寮 - ID: 17948349226121187
2025-08-19 15:27:13,095 - INFO - 更新: Cafe & Dining LIVI THE 5 - ID: 17962226263050572
2025-08-19 15:27:13,095 - INFO - 更新: Andante Hana Cafe - ID: 17949944260036963
2025-08-19 15:27:13,095 - INFO - 更新: Torikko - ID: 17947427485038175
2025-08-19 15:27:13,095 - INFO - 更新: トマトの実 - ID: 17947153279030825
2025-08-19 15:27:13,095 - INFO - 更新: kokett cafe - ID: 17927585296092001
2025-08-19 15:27:13,095 - INFO - 更新: JOE-COOL - ID: 17855850199247156
2025-08-19 15:27:13,095 - INFO - 更新: スープカレー専門店 薩摩剛家 - ID: 17916208075130883
2025-08-19 15:27:13,095 - INFO - 更新: shiro. - ID: 17934724390069896
2025-08-19 15:27:13,095 - INFO - 更新: 和膳 ゆずり葉 - ID: 17925006406100456
2025-08-19 15:27:13,095 - INFO - 更新: nuff - ID: 17937315529028123
2025-08-19 15:27:13,095 - INFO - 更新: ベッカライダンケン - ID: 17935958188015335
2025-08-19 15:27:13,095 - INFO - 更新: 元祖 中津からあげ もり山 - ID: 17935361689019468
2025-08-19 15:27:13,095 - INFO - 更新: PERICO cafe - ID: 17904936910182045
2025-08-19 15:27:13,095 - INFO - 更新: 農園食堂 森のかぞく - ID: 17910873313080430
2025-08-19 15:27:13,095 - INFO - 更新: 夏ノ庭 - ID: 17867222731214845
2025-08-19 15:27:13,095 - INFO - 更新: Une passion - ID: 17925954142006689
2025-08-19 15:27:13,095 - INFO - 更新: すすむ屋茶店 - ID: 17896223392167864
2025-08-19 15:27:13,095 - INFO - 更新: ヒカルヤ - ID: 17898824596188187
2025-08-19 15:27:13,095 - INFO - 更新: BASE CAFE - ID: 17907049597084094
2025-08-19 15:27:13,095 - INFO - 更新: シュル ラ テール コムオシエル - ID: 17851440313227253
2025-08-19 15:27:13,095 - INFO - 更新: Blue Bird Coffee - ID: 17908162213084083
2025-08-19 15:27:13,095 - INFO - 更新: HAY COFFEE STAND - ID: 17921975059030553
2025-08-19 15:27:13,095 - INFO - 更新: Oose cafe - ID: 17915726137070144
2025-08-19 15:27:13,095 - INFO - 更新: waffle cafe lu-ca - ID: 17892633601155557
2025-08-19 15:27:13,095 - INFO - 更新: Days coffee - ID: 17892103471180422
2025-08-19 15:27:13,095 - INFO - 更新: 薩摩だし餃子 えぶりでい - ID: 17904113347127095
2025-08-19 15:27:13,095 - INFO - 更新: Cafe aka’aka” - ID: 17877740437198946
2025-08-19 15:27:13,095 - INFO - 更新: blecafe - ID: 17892538630142897
2025-08-19 15:27:13,095 - INFO - 更新: osteria cou (オステリア コウ) - ID: 17902237597106898
2025-08-19 15:27:13,095 - INFO - 更新: cafe anniv. - ID: 17902166401128168
2025-08-19 15:27:13,095 - INFO - 更新: cafeshop - ID: 17888145106133176
2025-08-19 15:27:13,095 - INFO - 更新: オールウェイズカフェ - ID: 17912086960015823
2025-08-19 15:27:13,095 - INFO - 更新: MATHERuBA cafe - ID: 17910802954034930
2025-08-19 15:27:13,095 - INFO - 更新: cafe 369 - ID: 17894336377091597
2025-08-19 15:27:13,095 - INFO - 更新: ハナサカンカフェ - ID: 17909890600036776
2025-08-19 15:27:13,095 - INFO - 更新: cafe kuu - ID: 17896088032103794
2025-08-19 15:27:13,095 - INFO - 更新: 森の洋食屋 花咲かG - ID: 17881204858182836
2025-08-19 15:27:13,095 - INFO - 更新: Zingaro - ID: 17893871791113649
2025-08-19 15:27:13,095 - INFO - 更新: Zingaro - ID: 17904761398011397
2025-08-19 15:27:13,096 - INFO - 更新: good neighbors - ID: 17877098014161488
2025-08-19 15:27:13,096 - INFO - 更新: gallery cafe Serendipity - ID: 17890934830105679
2025-08-19 15:27:13,096 - INFO - 更新: be slowly - ID: 17905303048054013
2025-08-19 15:27:13,096 - INFO - 更新: house×komora - ID: 17880235831134365
2025-08-19 15:27:13,096 - INFO - 更新: house×komora - ID: 17903222287040696
2025-08-19 15:27:13,096 - INFO - 更新: 味処 桜勘 - ID: 17900983138041400
2025-08-19 15:27:13,097 - INFO - 更新: トロンボーン 天文館 - ID: 17900723935054645
2025-08-19 15:27:13,097 - INFO - 更新: frog - ID: 17891868232078353
2025-08-19 15:27:13,097 - INFO - 更新: ＊frog＊ - ID: 17874280960182755
2025-08-19 15:27:13,097 - INFO - 更新: 味処はら食堂 - ID: 17897095450012590
2025-08-19 15:27:13,097 - INFO - 更新: 味処はら食堂 - ID: 17872073218147138
2025-08-19 15:27:13,097 - INFO - 更新: 菓ヶ子横丁 - ID: 17870618077182588
2025-08-19 15:27:13,097 - INFO - 更新: すすむ屋茶店 - ID: 17852165881198557
2025-08-19 15:27:13,097 - INFO - 更新: Backerei danken - ID: 17887888465071214
2025-08-19 15:27:13,097 - INFO - 更新: Backerei danken - ID: 17878234852123262
2025-08-19 15:27:13,097 - INFO - 更新: Backen - ID: 17867801944131013
2025-08-19 15:27:13,097 - INFO - 更新: Backen - ID: 17884489411071397
2025-08-19 15:27:13,097 - INFO - 更新: None - ID: 17880076288077365
2025-08-19 15:27:13,097 - INFO - 更新: まるカフェ - ID: 17872047055095904
2025-08-19 15:27:13,097 - INFO - 更新: まるカフェ - ID: 17886814732025254
2025-08-19 15:27:13,097 - INFO - 更新: PERI COFFEE - ID: 17870751478088931
2025-08-19 15:27:13,097 - INFO - 更新: waffle cafe lu-ca - ID: 17885133223059863
2025-08-19 15:27:13,097 - INFO - 更新: waffle cafe lu-ca - ID: 17884072852025878
2025-08-19 15:27:13,097 - INFO - 更新: wara壱 - ID: 17859260224151960
2025-08-19 15:27:13,097 - INFO - 更新: ozunu cafe - ID: 17857914109181813
2025-08-19 15:27:13,097 - INFO - 更新: ozunu cafe - ID: 17842821208195524
2025-08-19 15:27:13,097 - INFO - 更新: ＊HEART&EARTH 心地庵＊ - ID: 17882336263033541
2025-08-19 15:27:13,097 - INFO - media_url更新完了: 更新数 386, 見つからない数 0
2025-08-19 15:27:13,102 - INFO - バックアップ作成: cafe_data_kv.json.backup_20250819_152713
2025-08-19 15:27:13,111 - INFO - カフェデータ保存完了: cafe_data_kv.json
2025-08-19 15:27:13,111 - INFO - === media_url更新処理完了 ===
